# JRE version: OpenJDK Runtime Environment (8.0_151-b12) (build 1.8.0_151-8u151-b12-0ubuntu0.16.04.2-b12)
# Java VM: OpenJDK 64-Bit Server VM (25.151-b12 mixed mode linux-amd64 compressed oops)
Heap:
 PSYoungGen      total 125952K, used 1408K [0x00000000ec000000, 0x00000000f4700000, 0x0000000100000000)
  eden space 113664K, 0% used [0x00000000ec000000,0x00000000ec000000,0x00000000f2f00000)
  from space 12288K, 11% used [0x00000000f2f00000,0x00000000f3060000,0x00000000f3b00000)
  to   space 12288K, 0% used [0x00000000f3b00000,0x00000000f3b00000,0x00000000f4700000)
 ParOldGen       total 60928K, used 19247K [0x00000000c4000000, 0x00000000c7b80000, 0x00000000ec000000)
  object space 60928K, 31% used [0x00000000c4000000,0x00000000c52cbee8,0x00000000c7b80000)
 Metaspace       used 36142K, capacity 37120K, committed 37416K, reserved 1083392K
  class space    used 4137K, capacity 4350K, committed 4392K, reserved 1048576K
GC Heap History (10 events):
Event: 187.990 GC heap after
Heap after GC invocations=18 (full 4):
 PSYoungGen      total 110592K, used 1056K [0x00000000ec000000, 0x00000000f3880000, 0x0000000100000000)
  eden space 97792K, 0% used [0x00000000ec000000,0x00000000ec000000,0x00000000f1f80000)
  from space 12800K, 8% used [0x00000000f2c00000,0x00000000f2d08000,0x00000000f3880000)
  to   space 12800K, 0% used [0x00000000f1f80000,0x00000000f1f80000,0x00000000f2c00000)
 ParOldGen       total 60928K, used 18670K [0x00000000c4000000, 0x00000000c7b80000, 0x00000000ec000000)
  object space 60928K, 30% used [0x00000000c4000000,0x00000000c523ba50,0x00000000c7b80000)
 Metaspace       used 35811K, capacity 36738K, committed 36904K, reserved 1081344K
  class space    used 4107K, capacity 4339K, committed 4392K, reserved 1048576K
}
Event: 187.990 GC heap before
{Heap before GC invocations=19 (full 5):
 PSYoungGen      total 110592K, used 1056K [0x00000000ec000000, 0x00000000f3880000, 0x0000000100000000)
  eden space 97792K, 0% used [0x00000000ec000000,0x00000000ec000000,0x00000000f1f80000)
  from space 12800K, 8% used [0x00000000f2c00000,0x00000000f2d08000,0x00000000f3880000)
  to   space 12800K, 0% used [0x00000000f1f80000,0x00000000f1f80000,0x00000000f2c00000)
 ParOldGen       total 60928K, used 18670K [0x00000000c4000000, 0x00000000c7b80000, 0x00000000ec000000)
  object space 60928K, 30% used [0x00000000c4000000,0x00000000c523ba50,0x00000000c7b80000)
 Metaspace       used 35811K, capacity 36738K, committed 36904K, reserved 1081344K
  class space    used 4107K, capacity 4339K, committed 4392K, reserved 1048576K
Event: 188.230 GC heap after
Heap after GC invocations=19 (full 5):
 PSYoungGen      total 110592K, used 0K [0x00000000ec000000, 0x00000000f3880000, 0x0000000100000000)
  eden space 97792K, 0% used [0x00000000ec000000,0x00000000ec000000,0x00000000f1f80000)
  from space 12800K, 0% used [0x00000000f2c00000,0x00000000f2c00000,0x00000000f3880000)
  to   space 12800K, 0% used [0x00000000f1f80000,0x00000000f1f80000,0x00000000f2c00000)
 ParOldGen       total 60928K, used 19231K [0x00000000c4000000, 0x00000000c7b80000, 0x00000000ec000000)
  object space 60928K, 31% used [0x00000000c4000000,0x00000000c52c7ee8,0x00000000c7b80000)
 Metaspace       used 35811K, capacity 36738K, committed 36904K, reserved 1081344K
  class space    used 4107K, capacity 4339K, committed 4392K, reserved 1048576K
}
Event: 1271.270 GC heap before
{Heap before GC invocations=20 (full 5):
 PSYoungGen      total 110592K, used 97792K [0x00000000ec000000, 0x00000000f3880000, 0x0000000100000000)
  eden space 97792K, 100% used [0x00000000ec000000,0x00000000f1f80000,0x00000000f1f80000)
  from space 12800K, 0% used [0x00000000f2c00000,0x00000000f2c00000,0x00000000f3880000)
  to   space 12800K, 0% used [0x00000000f1f80000,0x00000000f1f80000,0x00000000f2c00000)
 ParOldGen       total 60928K, used 19231K [0x00000000c4000000, 0x00000000c7b80000, 0x00000000ec000000)
  object space 60928K, 31% used [0x00000000c4000000,0x00000000c52c7ee8,0x00000000c7b80000)
 Metaspace       used 36098K, capacity 37032K, committed 37160K, reserved 1081344K
  class space    used 4135K, capacity 4346K, committed 4392K, reserved 1048576K
Event: 1271.275 GC heap after
Heap after GC invocations=20 (full 5):
 PSYoungGen      total 110592K, used 2432K [0x00000000ec000000, 0x00000000f4b80000, 0x0000000100000000)
  eden space 97792K, 0% used [0x00000000ec000000,0x00000000ec000000,0x00000000f1f80000)
  from space 12800K, 19% used [0x00000000f1f80000,0x00000000f21e0030,0x00000000f2c00000)
  to   space 12800K, 0% used [0x00000000f3f00000,0x00000000f3f00000,0x00000000f4b80000)
 ParOldGen       total 60928K, used 19239K [0x00000000c4000000, 0x00000000c7b80000, 0x00000000ec000000)
  object space 60928K, 31% used [0x00000000c4000000,0x00000000c52c9ee8,0x00000000c7b80000)
 Metaspace       used 36098K, capacity 37032K, committed 37160K, reserved 1081344K
  class space    used 4135K, capacity 4346K, committed 4392K, reserved 1048576K
}
Event: 1279.398 GC heap before
{Heap before GC invocations=21 (full 5):
 PSYoungGen      total 110592K, used 100224K [0x00000000ec000000, 0x00000000f4b80000, 0x0000000100000000)
  eden space 97792K, 100% used [0x00000000ec000000,0x00000000f1f80000,0x00000000f1f80000)
  from space 12800K, 19% used [0x00000000f1f80000,0x00000000f21e0030,0x00000000f2c00000)
  to   space 12800K, 0% used [0x00000000f3f00000,0x00000000f3f00000,0x00000000f4b80000)
 ParOldGen       total 60928K, used 19239K [0x00000000c4000000, 0x00000000c7b80000, 0x00000000ec000000)
  object space 60928K, 31% used [0x00000000c4000000,0x00000000c52c9ee8,0x00000000c7b80000)
 Metaspace       used 36137K, capacity 37120K, committed 37416K, reserved 1083392K
  class space    used 4137K, capacity 4350K, committed 4392K, reserved 1048576K
Event: 1279.403 GC heap after
Heap after GC invocations=21 (full 5):
 PSYoungGen      total 121856K, used 1704K [0x00000000ec000000, 0x00000000f4700000, 0x0000000100000000)
  eden space 113664K, 0% used [0x00000000ec000000,0x00000000ec000000,0x00000000f2f00000)
  from space 8192K, 20% used [0x00000000f3f00000,0x00000000f40aa3e0,0x00000000f4700000)
  to   space 12288K, 0% used [0x00000000f2f00000,0x00000000f2f00000,0x00000000f3b00000)
 ParOldGen       total 60928K, used 19247K [0x00000000c4000000, 0x00000000c7b80000, 0x00000000ec000000)
  object space 60928K, 31% used [0x00000000c4000000,0x00000000c52cbee8,0x00000000c7b80000)
 Metaspace       used 36137K, capacity 37120K, committed 37416K, reserved 1083392K
  class space    used 4137K, capacity 4350K, committed 4392K, reserved 1048576K
}
Event: 1290.839 GC heap before
{Heap before GC invocations=22 (full 5):
 PSYoungGen      total 121856K, used 6070K [0x00000000ec000000, 0x00000000f4700000, 0x0000000100000000)
  eden space 113664K, 3% used [0x00000000ec000000,0x00000000ec443760,0x00000000f2f00000)
  from space 8192K, 20% used [0x00000000f3f00000,0x00000000f40aa3e0,0x00000000f4700000)
  to   space 12288K, 0% used [0x00000000f2f00000,0x00000000f2f00000,0x00000000f3b00000)
 ParOldGen       total 60928K, used 19247K [0x00000000c4000000, 0x00000000c7b80000, 0x00000000ec000000)
  object space 60928K, 31% used [0x00000000c4000000,0x00000000c52cbee8,0x00000000c7b80000)
 Metaspace       used 36142K, capacity 37120K, committed 37416K, reserved 1083392K
  class space    used 4137K, capacity 4350K, committed 4392K, reserved 1048576K
Event: 1290.846 GC heap after
Heap after GC invocations=22 (full 5):
 PSYoungGen      total 125952K, used 1408K [0x00000000ec000000, 0x00000000f4700000, 0x0000000100000000)
  eden space 113664K, 0% used [0x00000000ec000000,0x00000000ec000000,0x00000000f2f00000)
  from space 12288K, 11% used [0x00000000f2f00000,0x00000000f3060000,0x00000000f3b00000)
  to   space 12288K, 0% used [0x00000000f3b00000,0x00000000f3b00000,0x00000000f4700000)
 ParOldGen       total 60928K, used 19247K [0x00000000c4000000, 0x00000000c7b80000, 0x00000000ec000000)
  object space 60928K, 31% used [0x00000000c4000000,0x00000000c52cbee8,0x00000000c7b80000)
 Metaspace       used 36142K, capacity 37120K, committed 37416K, reserved 1083392K
  class space    used 4137K, capacity 4350K, committed 4392K, reserved 1048576K
}
Event: 1290.846 GC heap before
{Heap before GC invocations=23 (full 6):
 PSYoungGen      total 125952K, used 1408K [0x00000000ec000000, 0x00000000f4700000, 0x0000000100000000)
  eden space 113664K, 0% used [0x00000000ec000000,0x00000000ec000000,0x00000000f2f00000)
  from space 12288K, 11% used [0x00000000f2f00000,0x00000000f3060000,0x00000000f3b00000)
  to   space 12288K, 0% used [0x00000000f3b00000,0x00000000f3b00000,0x00000000f4700000)
 ParOldGen       total 60928K, used 19247K [0x00000000c4000000, 0x00000000c7b80000, 0x00000000ec000000)
  object space 60928K, 31% used [0x00000000c4000000,0x00000000c52cbee8,0x00000000c7b80000)
 Metaspace       used 36142K, capacity 37120K, committed 37416K, reserved 1083392K
  class space    used 4137K, capacity 4350K, committed 4392K, reserved 1048576K

